<?xml version="1.0" encoding="UTF-8"?>
<!-- Generated by org.testng.reporters.JUnitReportReporter -->
<testsuite hostname="DESKTOP-0RP5K17" failures="0" tests="1" name="testRunner.TestNGTestRunner" time="13.267" errors="0" timestamp="2025-02-11T19:30:09 IST" skipped="0">
  <testcase classname="testRunner.TestNGTestRunner" name="runScenario" time="13.267"/>
</testsuite> <!-- testRunner.TestNGTestRunner -->
